<?xml version="1.0" encoding="UTF-8"?>
<!-- Generated by org.testng.reporters.JUnitReportReporter -->
<testsuite hostname="DESKTOP-E56G2IM" failures="0" tests="5" name="org.parameter.Groupsconcept1" time="0.031" errors="0" timestamp="05 Oct 2022 09:23:59 GMT" skipped="0">
  <testcase classname="org.parameter.Groupsconcept1" name="test1" time="0.017"/>
  <testcase classname="org.parameter.Groupsconcept1" name="test3" time="0.003"/>
  <testcase classname="org.parameter.Groupsconcept1" name="test5" time="0.002"/>
  <testcase classname="org.parameter.Groupsconcept1" name="test4" time="0.006"/>
  <testcase classname="org.parameter.Groupsconcept1" name="test2" time="0.003"/>
</testsuite> <!-- org.parameter.Groupsconcept1 -->
