<?xml version="1.0" encoding="UTF-8"?>
<!-- Generated by org.testng.reporters.JUnitReportReporter -->
<testsuite hostname="DESKTOP-E56G2IM" failures="0" tests="4" name="testng.classc" time="0.023" errors="0" timestamp="02 Oct 2022 11:10:42 GMT" skipped="1">
  <testcase classname="testng.classc" name="test3" time="0.015"/>
  <testcase classname="testng.classc" name="test5" time="0.003"/>
  <testcase classname="testng.classc" name="test5" time="0.005"/>
  <testcase classname="testng.classc" name="test4">
    <skipped/>
  </testcase> <!-- test4 -->
</testsuite> <!-- testng.classc -->
