<?xml version="1.0" encoding="UTF-8"?>
<!-- Generated by org.testng.reporters.JUnitReportReporter -->
<testsuite hostname="DESKTOP-E56G2IM" failures="0" tests="3" name="org.parameter.dependsmethod" time="0.032" errors="0" timestamp="05 Oct 2022 09:14:17 GMT" skipped="0">
  <testcase classname="org.parameter.dependsmethod" name="test3" time="0.027"/>
  <testcase classname="org.parameter.dependsmethod" name="test2" time="0.003"/>
  <testcase classname="org.parameter.dependsmethod" name="test1" time="0.002"/>
</testsuite> <!-- org.parameter.dependsmethod -->
