<?xml version="1.0" encoding="UTF-8"?>
<!-- Generated by org.testng.reporters.JUnitReportReporter -->
<testsuite hostname="DESKTOP-E56G2IM" failures="0" tests="3" name="testng.classA$testnasdfghj" time="0.023" errors="0" timestamp="02 Oct 2022 10:50:40 GMT" skipped="0">
  <testcase classname="testng.classA$testnasdfghj" name="test1" time="0.014"/>
  <testcase classname="testng.classA$testnasdfghj" name="test2" time="0.003"/>
  <testcase classname="testng.classA$testnasdfghj" name="test3" time="0.006"/>
</testsuite> <!-- testng.classA$testnasdfghj -->
