<?xml version="1.0" encoding="UTF-8"?>
<!-- Generated by org.testng.reporters.JUnitReportReporter -->
<testsuite hostname="DESKTOP-E56G2IM" failures="0" tests="3" name="testng.classD$classB" time="0.015" errors="0" timestamp="02 Oct 2022 11:17:16 GMT" skipped="0">
  <testcase classname="testng.classD$classB" name="test4" time="0.008"/>
  <testcase classname="testng.classD$classB" name="test5" time="0.004"/>
  <testcase classname="testng.classD$classB" name="test6" time="0.003"/>
</testsuite> <!-- testng.classD$classB -->
