<?xml version="1.0" encoding="UTF-8"?>
<!-- Generated by org.testng.reporters.JUnitReportReporter -->
<testsuite hostname="DESKTOP-E56G2IM" failures="0" tests="3" name="org.parameter.GroupclassB" time="0.011" errors="0" timestamp="05 Oct 2022 09:23:59 GMT" skipped="0">
  <testcase classname="org.parameter.GroupclassB" name="test1" time="0.002"/>
  <testcase classname="org.parameter.GroupclassB" name="test3" time="0.007"/>
  <testcase classname="org.parameter.GroupclassB" name="test2" time="0.002"/>
</testsuite> <!-- org.parameter.GroupclassB -->
