<?xml version="1.0" encoding="UTF-8"?>
<!-- Generated by org.testng.reporters.JUnitReportReporter -->
<testsuite hostname="DESKTOP-E56G2IM" failures="0" tests="1" name="testng.classB" time="0.010" errors="0" timestamp="02 Oct 2022 11:17:16 GMT" skipped="0">
  <testcase classname="testng.classB" name="test9" time="0.010"/>
</testsuite> <!-- testng.classB -->
